<?xml version="1.0" encoding="UTF-8"?>
<testng-results skipped="0" failed="0" total="1" passed="1">
  <reporter-output>
  </reporter-output>
  <suite name="Default suite" duration-ms="24087" started-at="2018-03-15T21:04:53Z" finished-at="2018-03-15T21:05:17Z">
    <groups>
    </groups>
    <test name="Default test" duration-ms="24087" started-at="2018-03-15T21:04:53Z" finished-at="2018-03-15T21:05:17Z">
      <class name="tests.amazonTest.AmazonTest">
        <test-method status="PASS" signature="setupClass()[pri:0, instance:tests.amazonTest.AmazonTest@59f99ea]" name="setupClass" is-config="true" duration-ms="8" started-at="2018-03-15T14:04:53Z" finished-at="2018-03-15T14:04:53Z">
          <reporter-output>
          </reporter-output>
        </test-method> <!-- setupClass -->
        <test-method status="PASS" signature="setupTest()[pri:0, instance:tests.amazonTest.AmazonTest@59f99ea]" name="setupTest" is-config="true" duration-ms="1" started-at="2018-03-15T14:04:53Z" finished-at="2018-03-15T14:04:53Z">
          <reporter-output>
          </reporter-output>
        </test-method> <!-- setupTest -->
        <test-method status="PASS" signature="groupSetup()[pri:0, instance:tests.amazonTest.AmazonTest@59f99ea]" name="groupSetup" duration-ms="23902" started-at="2018-03-15T14:04:53Z" description="Test Description" finished-at="2018-03-15T14:05:16Z">
          <reporter-output>
          </reporter-output>
        </test-method> <!-- groupSetup -->
        <test-method status="PASS" signature="tearDownTest()[pri:0, instance:tests.amazonTest.AmazonTest@59f99ea]" name="tearDownTest" is-config="true" duration-ms="1" started-at="2018-03-15T14:05:16Z" finished-at="2018-03-15T14:05:16Z">
          <reporter-output>
          </reporter-output>
        </test-method> <!-- tearDownTest -->
        <test-method status="PASS" signature="tearDownClass()[pri:0, instance:tests.amazonTest.AmazonTest@59f99ea]" name="tearDownClass" is-config="true" duration-ms="163" started-at="2018-03-15T14:05:16Z" finished-at="2018-03-15T14:05:17Z">
          <reporter-output>
          </reporter-output>
        </test-method> <!-- tearDownClass -->
      </class> <!-- tests.amazonTest.AmazonTest -->
    </test> <!-- Default test -->
  </suite> <!-- Default suite -->
</testng-results>
